[LOG] System::create                           : Header version = 2.02.22. Current version = 2.02.22.
[LOG] Manager::init                            : maxchannels = 256 studioflags = 00000006 flags 00000000 extradriverdata 0000000000000000.
[LOG] SystemI::init                            : Initialize version=20222 (142841), maxchannels=256, flags=0x00020000
[LOG] SystemI::setOutputInternal               : Setting output to 'FMOD WASAPI Output'
[LOG] OutputWASAPI::init                       : Mix Format (WAVEFORMATEX): wFormatTag=0xFFFE, nChannels=2, nSamplesPerSec=48000, nAvgBytesPerSec=384000, nBlockAlign=8, wBitsPerSample=32, cbSize=22.
[LOG] OutputWASAPI::init                       : Mix Format (WAVEFORMATEXTENSIBLE): wValidBitsPerSample=32, dwChannelMask=0x00000003, SubFormat=00000003-0000-0010-8000-00AA00389B71.
[LOG] OutputWASAPI::init                       : Output buffer size: 4096 samples, latency: 0.00ms, period: 10.00ms, DSP buffer: 1024 * 4
[LOG] Thread::initThread                       : Init FMOD stream thread. Affinity: 0x4000000000000003, Priority: 0xFFFF7FFB, Stack Size: 98304, Semaphore: No, Sleep Time: 10, Looping: Yes.
[LOG] Thread::initThread                       : Init FMOD mixer thread. Affinity: 0x4000000000000001, Priority: 0xFFFF7FFA, Stack Size: 81920, Semaphore: No, Sleep Time: 0, Looping: Yes.
[LOG] AsyncManager::init                       : manager 0000022664CC8288 isAsync 0 updatePeriod 0.02
[LOG] AsyncManager::init                       : done
[LOG] PlaybackSystem::init                     : 
[LOG] Thread::initThread                       : Init FMOD Studio sample load thread. Affinity: 0x4000000000000003, Priority: 0xFFFF7FFD, Stack Size: 98304, Semaphore: No, Sleep Time: 1, Looping: No.
[LOG] PlaybackSystem::init                     : done
[LOG] Thread::initThread                       : Init FMOD Studio bank load thread. Affinity: 0x4000000000000003, Priority: 0xFFFF7FFD, Stack Size: 98304, Semaphore: No, Sleep Time: 1, Looping: No.
[LOG] Manager::init                            : done.
[LOG] Manager::readBank                        : fileversion = 142, compatVersion = 140 (oldest = 44, newest = 142)
[LOG] Manager::readBank                        : fileversion = 142, compatVersion = 140 (oldest = 44, newest = 142)
[LOG] Manager::readBank                        : fileversion = 142, compatVersion = 140 (oldest = 44, newest = 142)
[LOG] PlaybackSystem::acquireMasterBus         : Setting master channel group format to 6
[LOG] Manager::readBank                        : fileversion = 142, compatVersion = 140 (oldest = 44, newest = 142)
[LOG] SystemI::createSoundInternal             : Create name='', mode=0x02000202
[LOG] SystemI::createSoundInternal             : exinfo->cbsize             = 224
[LOG] SystemI::createSoundInternal             : exinfo->length             = 662912
[LOG] SystemI::createSoundInternal             : exinfo->fileoffset         = 8960
[LOG] SystemI::createSoundInternal             : exinfo->numsubsounds       = 1
[LOG] SystemI::createSoundInternal             : exinfo->inclusionlist      = 0000005DF0D5F498
[LOG] SystemI::createSoundInternal             : exinfo->inclusionlistnum   = 1
[LOG] SystemI::createSoundInternal             : exinfo->suggestedsoundtype = 5
[LOG] SystemI::createSoundInternal             : exinfo->useropen           = 00007FFA74CF4130
[LOG] SystemI::createSoundInternal             : exinfo->userclose          = 00007FFA74CF40F0
[LOG] SystemI::createSoundInternal             : exinfo->userread           = 00007FFA74CF4210
[LOG] SystemI::createSoundInternal             : exinfo->userseek           = 00007FFA74CF42D0
[LOG] SystemI::createSoundInternal             : exinfo->fileuserdata       = 000002272FB3A578
[LOG] SystemI::createSoundInternal             : exinfo->initialseekpostype = 1
[LOG] SystemI::DSPCodecPoolRegister            : register codec pool for pool type 5
[LOG] SystemI::createSoundInternal             : Sample 0/1: name='foley-step-stone-walk-02', format=5, channels=2, frequency=48000, lengthbytes=6208, lengthpcm=35711, pcmblocksize=0, loopstart=0, loopend=0, mode=0x00000000, channelmask=0x00000000, channelorder=0, peakvolume=0.486869.
[LOG] SystemI::mixerSuspend                    : Suspending output.
[LOG] SystemI::mixerResume                     : Resuming output.
[LOG] AsyncThread::add                         : add sound to async queue : soundi = 00000225369B0668, queue head = 00000227654ADE28, queue count = 0
[LOG] AsyncThread::threadFunc                  : Starting Asynchronous operation on sound 00000225369B0668
[LOG] AsyncThread::threadFunc                  : Finished Asynchronous operation on sound 00000225369B0668
[LOG] SystemI::createSound                     : filename = FMOD Bank/Desktop/Level 1.bank : mode 02010082
[LOG] SystemI::createSound                     : FMOD_NONBLOCKING specified.  Putting into queue to be opened asynchronously!
[LOG] AsyncThread::add                         : add sound to async queue : soundi = 000002276E4E7258, queue head = 00000227654ADE28, queue count = 0
[LOG] AsyncThread::threadFunc                  : Starting Asynchronous operation on sound 000002276E4E7258
[LOG] SystemI::createSoundInternal             :     Create name='FMOD Bank/Desktop/Level 1.bank', mode=0x02010082
[LOG] SystemI::createSoundInternal             :     exinfo->cbsize             = 224
[LOG] SystemI::createSoundInternal             :     exinfo->length             = 551616
[LOG] SystemI::createSoundInternal             :     exinfo->fileoffset         = 1504
[LOG] SystemI::createSoundInternal             :     exinfo->numsubsounds       = 1
[LOG] SystemI::createSoundInternal             :     exinfo->inclusionlist      = 00000225329942E0
[LOG] SystemI::createSoundInternal             :     exinfo->inclusionlistnum   = 1
[LOG] SystemI::createSoundInternal             :     exinfo->suggestedsoundtype = 5
[LOG] SystemI::createSoundInternal             :     exinfo->initialseekposition = 500
[LOG] SystemI::createSoundInternal             :     exinfo->initialseekpostype = 1
[LOG] SystemI::createSoundInternal             :     Stream 0/1: name='WindBackGround', format=5, channels=2, frequency=48000, lengthbytes=551136, lengthpcm=2188016, pcmblocksize=0, loopstart=0, loopend=0, mode=0x00000000, channelmask=0x00000000, channelorder=0, peakvolume=0.011078.
[LOG] AsyncThread::threadFunc                  : Finished Asynchronous operation on sound 000002276E4E7258
[LOG] SoundI::release                          : WindBackGround (0000022533220308)
[LOG] SoundI::release                          :     WindBackGround (0000022655AF67B8)
[LOG] SoundI::release                          :     WindBackGround (00000225369B0668)
[LOG] SystemI::createSoundInternal             : Create name='', mode=0x02000202
[LOG] SystemI::createSoundInternal             : exinfo->cbsize             = 224
[LOG] SystemI::createSoundInternal             : exinfo->length             = 662912
[LOG] SystemI::createSoundInternal             : exinfo->fileoffset         = 8960
[LOG] SystemI::createSoundInternal             : exinfo->numsubsounds       = 1
[LOG] SystemI::createSoundInternal             : exinfo->inclusionlist      = 0000005DF0D5F498
[LOG] SystemI::createSoundInternal             : exinfo->inclusionlistnum   = 1
[LOG] SystemI::createSoundInternal             : exinfo->suggestedsoundtype = 5
[LOG] SystemI::createSoundInternal             : exinfo->useropen           = 00007FFA74CF4130
[LOG] SystemI::createSoundInternal             : exinfo->userclose          = 00007FFA74CF40F0
[LOG] SystemI::createSoundInternal             : exinfo->userread           = 00007FFA74CF4210
[LOG] SystemI::createSoundInternal             : exinfo->userseek           = 00007FFA74CF42D0
[LOG] SystemI::createSoundInternal             : exinfo->fileuserdata       = 000002272FC3BD68
[LOG] SystemI::createSoundInternal             : exinfo->initialseekpostype = 1
[LOG] SystemI::DSPCodecPoolRegister            : register codec pool for pool type 5
[LOG] SystemI::createSoundInternal             : Sample 0/1: name='Cast', format=5, channels=2, frequency=48000, lengthbytes=5216, lengthpcm=29088, pcmblocksize=0, loopstart=0, loopend=0, mode=0x00000000, channelmask=0x00000000, channelorder=0, peakvolume=0.524754.
[LOG] SystemI::createSound                     : filename = FMOD Bank/Desktop/SFX.bank : mode 02010082
[LOG] SystemI::createSound                     : FMOD_NONBLOCKING specified.  Putting into queue to be opened asynchronously!
[LOG] AsyncThread::add                         : add sound to async queue : soundi = 00000225332204B8, queue head = 00000227654ADE28, queue count = 0
[LOG] AsyncThread::threadFunc                  : Starting Asynchronous operation on sound 00000225332204B8
[LOG] SystemI::createSoundInternal             :     Create name='FMOD Bank/Desktop/SFX.bank', mode=0x02010082
[LOG] SystemI::createSoundInternal             :     exinfo->cbsize             = 224
[LOG] SystemI::createSoundInternal             :     exinfo->length             = 662912
[LOG] SystemI::createSoundInternal             :     exinfo->fileoffset         = 8960
[LOG] SystemI::createSoundInternal             :     exinfo->numsubsounds       = 1
[LOG] SystemI::createSoundInternal             :     exinfo->inclusionlist      = 00000225365A1100
[LOG] SystemI::createSoundInternal             :     exinfo->inclusionlistnum   = 1
[LOG] SystemI::createSoundInternal             :     exinfo->suggestedsoundtype = 5
[LOG] SystemI::createSoundInternal             :     exinfo->initialseekposition = 200
[LOG] SystemI::createSoundInternal             :     exinfo->initialseekpostype = 1
[LOG] SystemI::createSoundInternal             :     Stream 0/1: name='Bubble Exist', format=5, channels=2, frequency=48000, lengthbytes=250304, lengthpcm=2422944, pcmblocksize=0, loopstart=0, loopend=0, mode=0x00000000, channelmask=0x00000000, channelorder=0, peakvolume=0.317030.
[LOG] AsyncThread::threadFunc                  : Finished Asynchronous operation on sound 00000225332204B8
[LOG] SoundI::release                          : Bubble Exist (00000225332204B8)
[LOG] SoundI::release                          :     Bubble Exist (0000022536919C28)
[LOG] SoundI::release                          :     Bubble Exist (0000022534B8A9E8)
[LOG] SystemI::createSound                     : filename = FMOD Bank/Desktop/SFX.bank : mode 02010082
[LOG] SystemI::createSound                     : FMOD_NONBLOCKING specified.  Putting into queue to be opened asynchronously!
[LOG] AsyncThread::add                         : add sound to async queue : soundi = 0000022535908EC8, queue head = 00000227654ADE28, queue count = 0
[LOG] AsyncThread::threadFunc                  : Starting Asynchronous operation on sound 0000022535908EC8
[LOG] SystemI::createSoundInternal             :     Create name='FMOD Bank/Desktop/SFX.bank', mode=0x02010082
[LOG] SystemI::createSoundInternal             :     exinfo->cbsize             = 224
[LOG] SystemI::createSoundInternal             :     exinfo->length             = 662912
[LOG] SystemI::createSoundInternal             :     exinfo->fileoffset         = 8960
[LOG] SystemI::createSoundInternal             :     exinfo->numsubsounds       = 1
[LOG] SystemI::createSoundInternal             :     exinfo->inclusionlist      = 00000224C8B712F0
[LOG] SystemI::createSoundInternal             :     exinfo->inclusionlistnum   = 1
[LOG] SystemI::createSoundInternal             :     exinfo->suggestedsoundtype = 5
[LOG] SystemI::createSoundInternal             :     exinfo->initialseekposition = 200
[LOG] SystemI::createSoundInternal             :     exinfo->initialseekpostype = 1
[LOG] SystemI::createSoundInternal             :     Stream 0/1: name='Bubble Exist', format=5, channels=2, frequency=48000, lengthbytes=250304, lengthpcm=2422944, pcmblocksize=0, loopstart=0, loopend=0, mode=0x00000000, channelmask=0x00000000, channelorder=0, peakvolume=0.317030.
[LOG] AsyncThread::threadFunc                  : Finished Asynchronous operation on sound 0000022535908EC8
[LOG] SystemI::createSound                     : filename = FMOD Bank/Desktop/SFX.bank : mode 02010082
[LOG] SystemI::createSound                     : FMOD_NONBLOCKING specified.  Putting into queue to be opened asynchronously!
[LOG] AsyncThread::add                         : add sound to async queue : soundi = 00000224C8A70FC8, queue head = 00000227654ADE28, queue count = 0
[LOG] AsyncThread::threadFunc                  : Starting Asynchronous operation on sound 00000224C8A70FC8
[LOG] SystemI::createSoundInternal             :     Create name='FMOD Bank/Desktop/SFX.bank', mode=0x02010082
[LOG] SystemI::createSoundInternal             :     exinfo->cbsize             = 224
[LOG] SystemI::createSoundInternal             :     exinfo->length             = 662912
[LOG] SystemI::createSoundInternal             :     exinfo->fileoffset         = 8960
[LOG] SystemI::createSoundInternal             :     exinfo->numsubsounds       = 1
[LOG] SystemI::createSoundInternal             :     exinfo->inclusionlist      = 0000022532994420
[LOG] SystemI::createSoundInternal             :     exinfo->inclusionlistnum   = 1
[LOG] SystemI::createSoundInternal             :     exinfo->suggestedsoundtype = 5
[LOG] SystemI::createSoundInternal             :     exinfo->initialseekposition = 200
[LOG] SystemI::createSoundInternal             :     exinfo->initialseekpostype = 1
[LOG] SystemI::createSoundInternal             :     Stream 0/1: name='Bubble Exist', format=5, channels=2, frequency=48000, lengthbytes=250304, lengthpcm=2422944, pcmblocksize=0, loopstart=0, loopend=0, mode=0x00000000, channelmask=0x00000000, channelorder=0, peakvolume=0.317030.
[LOG] AsyncThread::threadFunc                  : Finished Asynchronous operation on sound 00000224C8A70FC8
[LOG] SystemI::createSound                     : filename = FMOD Bank/Desktop/SFX.bank : mode 02010082
[LOG] SystemI::createSound                     : FMOD_NONBLOCKING specified.  Putting into queue to be opened asynchronously!
[LOG] AsyncThread::add                         : add sound to async queue : soundi = 0000022534B89FC8, queue head = 00000227654ADE28, queue count = 0
[LOG] AsyncThread::threadFunc                  : Starting Asynchronous operation on sound 0000022534B89FC8
[LOG] SystemI::createSoundInternal             :     Create name='FMOD Bank/Desktop/SFX.bank', mode=0x02010082
[LOG] SystemI::createSoundInternal             :     exinfo->cbsize             = 224
[LOG] SystemI::createSoundInternal             :     exinfo->length             = 662912
[LOG] SystemI::createSoundInternal             :     exinfo->fileoffset         = 8960
[LOG] SystemI::createSoundInternal             :     exinfo->numsubsounds       = 1
[LOG] SystemI::createSoundInternal             :     exinfo->inclusionlist      = 000002257A846230
[LOG] SystemI::createSoundInternal             :     exinfo->inclusionlistnum   = 1
[LOG] SystemI::createSoundInternal             :     exinfo->suggestedsoundtype = 5
[LOG] SystemI::createSoundInternal             :     exinfo->initialseekposition = 200
[LOG] SystemI::createSoundInternal             :     exinfo->initialseekpostype = 1
[LOG] SystemI::createSoundInternal             :     Stream 0/1: name='Bubble Exist', format=5, channels=2, frequency=48000, lengthbytes=250304, lengthpcm=2422944, pcmblocksize=0, loopstart=0, loopend=0, mode=0x00000000, channelmask=0x00000000, channelorder=0, peakvolume=0.317030.
[LOG] AsyncThread::threadFunc                  : Finished Asynchronous operation on sound 0000022534B89FC8
[LOG] SoundI::release                          : Bubble Exist (0000022534B89FC8)
[LOG] SoundI::release                          :     Bubble Exist (00000224993FC9B8)
[LOG] SoundI::release                          :     Bubble Exist (00000224C8A70AB8)
[LOG] SoundI::release                          : Bubble Exist (00000224C8A70FC8)
[LOG] SoundI::release                          :     Bubble Exist (00000224BEC33CF8)
[LOG] SoundI::release                          :     Bubble Exist (00000222E235D838)
[LOG] SoundI::release                          : Bubble Exist (0000022535908EC8)
[LOG] SoundI::release                          :     Bubble Exist (0000022536919C28)
[LOG] SoundI::release                          :     Bubble Exist (0000022534B89758)
[LOG] SystemI::createSound                     : filename = FMOD Bank/Desktop/SFX.bank : mode 02010082
[LOG] SystemI::createSound                     : FMOD_NONBLOCKING specified.  Putting into queue to be opened asynchronously!
[LOG] AsyncThread::add                         : add sound to async queue : soundi = 00000222E235D688, queue head = 00000227654ADE28, queue count = 0
[LOG] AsyncThread::threadFunc                  : Starting Asynchronous operation on sound 00000222E235D688
[LOG] SystemI::createSoundInternal             :     Create name='FMOD Bank/Desktop/SFX.bank', mode=0x02010082
[LOG] SystemI::createSoundInternal             :     exinfo->cbsize             = 224
[LOG] SystemI::createSoundInternal             :     exinfo->length             = 662912
[LOG] SystemI::createSoundInternal             :     exinfo->fileoffset         = 8960
[LOG] SystemI::createSoundInternal             :     exinfo->numsubsounds       = 1
[LOG] SystemI::createSoundInternal             :     exinfo->inclusionlist      = 000002272FA4CCC0
[LOG] SystemI::createSoundInternal             :     exinfo->inclusionlistnum   = 1
[LOG] SystemI::createSoundInternal             :     exinfo->suggestedsoundtype = 5
[LOG] SystemI::createSoundInternal             :     exinfo->initialseekposition = 200
[LOG] SystemI::createSoundInternal             :     exinfo->initialseekpostype = 1
[LOG] SystemI::createSoundInternal             :     Stream 0/1: name='Bubble Exist', format=5, channels=2, frequency=48000, lengthbytes=250304, lengthpcm=2422944, pcmblocksize=0, loopstart=0, loopend=0, mode=0x00000000, channelmask=0x00000000, channelorder=0, peakvolume=0.317030.
[LOG] AsyncThread::threadFunc                  : Finished Asynchronous operation on sound 00000222E235D688
[LOG] SoundI::release                          : Bubble Exist (00000222E235D688)
[LOG] SoundI::release                          :     Bubble Exist (0000022535FBE458)
[LOG] SoundI::release                          :     Bubble Exist (000002253321EEC8)
[LOG] SystemI::createSound                     : filename = FMOD Bank/Desktop/Level 1.bank : mode 02010082
[LOG] SystemI::createSound                     : FMOD_NONBLOCKING specified.  Putting into queue to be opened asynchronously!
[LOG] AsyncThread::add                         : add sound to async queue : soundi = 0000022533220668, queue head = 00000227654ADE28, queue count = 0
[LOG] AsyncThread::threadFunc                  : Starting Asynchronous operation on sound 0000022533220668
[LOG] SystemI::createSoundInternal             :     Create name='FMOD Bank/Desktop/Level 1.bank', mode=0x02010082
[LOG] SystemI::createSoundInternal             :     exinfo->cbsize             = 224
[LOG] SystemI::createSoundInternal             :     exinfo->length             = 551616
[LOG] SystemI::createSoundInternal             :     exinfo->fileoffset         = 1504
[LOG] SystemI::createSoundInternal             :     exinfo->numsubsounds       = 1
[LOG] SystemI::createSoundInternal             :     exinfo->inclusionlist      = 00000225365A1240
[LOG] SystemI::createSoundInternal             :     exinfo->inclusionlistnum   = 1
[LOG] SystemI::createSoundInternal             :     exinfo->suggestedsoundtype = 5
[LOG] SystemI::createSoundInternal             :     exinfo->initialseekposition = 500
[LOG] SystemI::createSoundInternal             :     exinfo->initialseekpostype = 1
[LOG] SystemI::createSoundInternal             :     Stream 0/1: name='WindBackGround', format=5, channels=2, frequency=48000, lengthbytes=551136, lengthpcm=2188016, pcmblocksize=0, loopstart=0, loopend=0, mode=0x00000000, channelmask=0x00000000, channelorder=0, peakvolume=0.011078.
[LOG] AsyncThread::threadFunc                  : Finished Asynchronous operation on sound 0000022533220668
[LOG] SoundI::release                          : WindBackGround (000002276E4E7258)
[LOG] SoundI::release                          :     WindBackGround (0000022536919748)
[LOG] SoundI::release                          :     WindBackGround (0000022534B895A8)
[LOG] SystemI::createSound                     : filename = FMOD Bank/Desktop/Level 1.bank : mode 02010082
[LOG] SystemI::createSound                     : FMOD_NONBLOCKING specified.  Putting into queue to be opened asynchronously!
[LOG] AsyncThread::add                         : add sound to async queue : soundi = 0000022585A48238, queue head = 00000227654ADE28, queue count = 0
[LOG] AsyncThread::threadFunc                  : Starting Asynchronous operation on sound 0000022585A48238
[LOG] SystemI::createSoundInternal             :     Create name='FMOD Bank/Desktop/Level 1.bank', mode=0x02010082
[LOG] SystemI::createSoundInternal             :     exinfo->cbsize             = 224
[LOG] SystemI::createSoundInternal             :     exinfo->length             = 551616
[LOG] SystemI::createSoundInternal             :     exinfo->fileoffset         = 1504
[LOG] SystemI::createSoundInternal             :     exinfo->numsubsounds       = 1
[LOG] SystemI::createSoundInternal             :     exinfo->inclusionlist      = 00000225354D9B80
[LOG] SystemI::createSoundInternal             :     exinfo->inclusionlistnum   = 1
[LOG] SystemI::createSoundInternal             :     exinfo->suggestedsoundtype = 5
[LOG] SystemI::createSoundInternal             :     exinfo->initialseekposition = 500
[LOG] SystemI::createSoundInternal             :     exinfo->initialseekpostype = 1
[LOG] SystemI::createSoundInternal             :     Stream 0/1: name='WindBackGround', format=5, channels=2, frequency=48000, lengthbytes=551136, lengthpcm=2188016, pcmblocksize=0, loopstart=0, loopend=0, mode=0x00000000, channelmask=0x00000000, channelorder=0, peakvolume=0.011078.
[LOG] AsyncThread::threadFunc                  : Finished Asynchronous operation on sound 0000022585A48238
[LOG] SoundI::release                          : WindBackGround (0000022533220668)
[LOG] SoundI::release                          :     WindBackGround (0000022534B51208)
[LOG] SoundI::release                          :     WindBackGround (0000022585A46FA8)
[LOG] SystemI::createSound                     : filename = FMOD Bank/Desktop/Level 1.bank : mode 02010082
[LOG] SystemI::createSound                     : FMOD_NONBLOCKING specified.  Putting into queue to be opened asynchronously!
[LOG] AsyncThread::add                         : add sound to async queue : soundi = 0000022535528968, queue head = 00000227654ADE28, queue count = 0
[LOG] AsyncThread::threadFunc                  : Starting Asynchronous operation on sound 0000022535528968
[LOG] SystemI::createSoundInternal             :     Create name='FMOD Bank/Desktop/Level 1.bank', mode=0x02010082
[LOG] SystemI::createSoundInternal             :     exinfo->cbsize             = 224
[LOG] SystemI::createSoundInternal             :     exinfo->length             = 551616
[LOG] SystemI::createSoundInternal             :     exinfo->fileoffset         = 1504
[LOG] SystemI::createSoundInternal             :     exinfo->numsubsounds       = 1
[LOG] SystemI::createSoundInternal             :     exinfo->inclusionlist      = 00000225365A1100
[LOG] SystemI::createSoundInternal             :     exinfo->inclusionlistnum   = 1
[LOG] SystemI::createSoundInternal             :     exinfo->suggestedsoundtype = 5
[LOG] SystemI::createSoundInternal             :     exinfo->initialseekposition = 500
[LOG] SystemI::createSoundInternal             :     exinfo->initialseekpostype = 1
[LOG] SystemI::createSoundInternal             :     Stream 0/1: name='WindBackGround', format=5, channels=2, frequency=48000, lengthbytes=551136, lengthpcm=2188016, pcmblocksize=0, loopstart=0, loopend=0, mode=0x00000000, channelmask=0x00000000, channelorder=0, peakvolume=0.011078.
[LOG] AsyncThread::threadFunc                  : Finished Asynchronous operation on sound 0000022535528968
[LOG] SoundI::release                          : WindBackGround (0000022585A48238)
[LOG] SoundI::release                          :     WindBackGround (00000224993FC9B8)
[LOG] SoundI::release                          :     WindBackGround (0000022532E870D8)
[LOG] SystemI::createSound                     : filename = FMOD Bank/Desktop/Level 1.bank : mode 02010082
[LOG] SystemI::createSound                     : FMOD_NONBLOCKING specified.  Putting into queue to be opened asynchronously!
[LOG] AsyncThread::add                         : add sound to async queue : soundi = 00000225369AF3D8, queue head = 00000227654ADE28, queue count = 0
[LOG] AsyncThread::threadFunc                  : Starting Asynchronous operation on sound 00000225369AF3D8
[LOG] SystemI::createSoundInternal             :     Create name='FMOD Bank/Desktop/Level 1.bank', mode=0x02010082
[LOG] SystemI::createSoundInternal             :     exinfo->cbsize             = 224
[LOG] SystemI::createSoundInternal             :     exinfo->length             = 551616
[LOG] SystemI::createSoundInternal             :     exinfo->fileoffset         = 1504
[LOG] SystemI::createSoundInternal             :     exinfo->numsubsounds       = 1
[LOG] SystemI::createSoundInternal             :     exinfo->inclusionlist      = 00000222E2F72500
[LOG] SystemI::createSoundInternal             :     exinfo->inclusionlistnum   = 1
[LOG] SystemI::createSoundInternal             :     exinfo->suggestedsoundtype = 5
[LOG] SystemI::createSoundInternal             :     exinfo->initialseekposition = 500
[LOG] SystemI::createSoundInternal             :     exinfo->initialseekpostype = 1
[LOG] SystemI::createSoundInternal             :     Stream 0/1: name='WindBackGround', format=5, channels=2, frequency=48000, lengthbytes=551136, lengthpcm=2188016, pcmblocksize=0, loopstart=0, loopend=0, mode=0x00000000, channelmask=0x00000000, channelorder=0, peakvolume=0.011078.
[LOG] AsyncThread::threadFunc                  : Finished Asynchronous operation on sound 00000225369AF3D8
[LOG] SoundI::release                          : WindBackGround (0000022535528968)
[LOG] SoundI::release                          :     WindBackGround (0000022536919A88)
[LOG] SoundI::release                          :     WindBackGround (0000022534B895A8)
[LOG] SystemI::createSound                     : filename = FMOD Bank/Desktop/Level 1.bank : mode 02010082
[LOG] SystemI::createSound                     : FMOD_NONBLOCKING specified.  Putting into queue to be opened asynchronously!
[LOG] AsyncThread::add                         : add sound to async queue : soundi = 0000022532E86D78, queue head = 00000227654ADE28, queue count = 0
[LOG] AsyncThread::threadFunc                  : Starting Asynchronous operation on sound 0000022532E86D78
[LOG] SystemI::createSoundInternal             :     Create name='FMOD Bank/Desktop/Level 1.bank', mode=0x02010082
[LOG] SystemI::createSoundInternal             :     exinfo->cbsize             = 224
[LOG] SystemI::createSoundInternal             :     exinfo->length             = 551616
[LOG] SystemI::createSoundInternal             :     exinfo->fileoffset         = 1504
[LOG] SystemI::createSoundInternal             :     exinfo->numsubsounds       = 1
[LOG] SystemI::createSoundInternal             :     exinfo->inclusionlist      = 00000225329942E0
[LOG] SystemI::createSoundInternal             :     exinfo->inclusionlistnum   = 1
[LOG] SystemI::createSoundInternal             :     exinfo->suggestedsoundtype = 5
[LOG] SystemI::createSoundInternal             :     exinfo->initialseekposition = 500
[LOG] SystemI::createSoundInternal             :     exinfo->initialseekpostype = 1
[LOG] SystemI::createSoundInternal             :     Stream 0/1: name='WindBackGround', format=5, channels=2, frequency=48000, lengthbytes=551136, lengthpcm=2188016, pcmblocksize=0, loopstart=0, loopend=0, mode=0x00000000, channelmask=0x00000000, channelorder=0, peakvolume=0.011078.
[LOG] AsyncThread::threadFunc                  : Finished Asynchronous operation on sound 0000022532E86D78
[LOG] SoundI::release                          : WindBackGround (00000225369AF3D8)
[LOG] SoundI::release                          :     WindBackGround (00000225369198E8)
[LOG] SoundI::release                          :     WindBackGround (0000022534B8AB98)
[LOG] SystemI::createSound                     : filename = FMOD Bank/Desktop/Level 1.bank : mode 02010082
[LOG] SystemI::createSound                     : FMOD_NONBLOCKING specified.  Putting into queue to be opened asynchronously!
[LOG] AsyncThread::add                         : add sound to async queue : soundi = 000002253590B8F8, queue head = 00000227654ADE28, queue count = 0
[LOG] AsyncThread::threadFunc                  : Starting Asynchronous operation on sound 000002253590B8F8
[LOG] SystemI::createSoundInternal             :     Create name='FMOD Bank/Desktop/Level 1.bank', mode=0x02010082
[LOG] SystemI::createSoundInternal             :     exinfo->cbsize             = 224
[LOG] SystemI::createSoundInternal             :     exinfo->length             = 551616
[LOG] SystemI::createSoundInternal             :     exinfo->fileoffset         = 1504
[LOG] SystemI::createSoundInternal             :     exinfo->numsubsounds       = 1
[LOG] SystemI::createSoundInternal             :     exinfo->inclusionlist      = 00000224C8B71A70
[LOG] SystemI::createSoundInternal             :     exinfo->inclusionlistnum   = 1
[LOG] SystemI::createSoundInternal             :     exinfo->suggestedsoundtype = 5
[LOG] SystemI::createSoundInternal             :     exinfo->initialseekposition = 500
[LOG] SystemI::createSoundInternal             :     exinfo->initialseekpostype = 1
[LOG] SystemI::createSoundInternal             :     Stream 0/1: name='WindBackGround', format=5, channels=2, frequency=48000, lengthbytes=551136, lengthpcm=2188016, pcmblocksize=0, loopstart=0, loopend=0, mode=0x00000000, channelmask=0x00000000, channelorder=0, peakvolume=0.011078.
[LOG] AsyncThread::threadFunc                  : Finished Asynchronous operation on sound 000002253590B8F8
[LOG] SoundI::release                          : WindBackGround (0000022532E86D78)
[LOG] SoundI::release                          :     WindBackGround (0000022536919A88)
[LOG] SoundI::release                          :     WindBackGround (0000022534B89FC8)
[LOG] SystemI::createSound                     : filename = FMOD Bank/Desktop/Level 1.bank : mode 02010082
[LOG] SystemI::createSound                     : FMOD_NONBLOCKING specified.  Putting into queue to be opened asynchronously!
[LOG] AsyncThread::add                         : add sound to async queue : soundi = 000002276E4E7258, queue head = 00000227654ADE28, queue count = 0
[LOG] AsyncThread::threadFunc                  : Starting Asynchronous operation on sound 000002276E4E7258
[LOG] SystemI::createSoundInternal             :     Create name='FMOD Bank/Desktop/Level 1.bank', mode=0x02010082
[LOG] SystemI::createSoundInternal             :     exinfo->cbsize             = 224
[LOG] SystemI::createSoundInternal             :     exinfo->length             = 551616
[LOG] SystemI::createSoundInternal             :     exinfo->fileoffset         = 1504
[LOG] SystemI::createSoundInternal             :     exinfo->numsubsounds       = 1
[LOG] SystemI::createSoundInternal             :     exinfo->inclusionlist      = 00000225329942E0
[LOG] SystemI::createSoundInternal             :     exinfo->inclusionlistnum   = 1
[LOG] SystemI::createSoundInternal             :     exinfo->suggestedsoundtype = 5
[LOG] SystemI::createSoundInternal             :     exinfo->initialseekposition = 500
[LOG] SystemI::createSoundInternal             :     exinfo->initialseekpostype = 1
[LOG] SystemI::createSoundInternal             :     Stream 0/1: name='WindBackGround', format=5, channels=2, frequency=48000, lengthbytes=551136, lengthpcm=2188016, pcmblocksize=0, loopstart=0, loopend=0, mode=0x00000000, channelmask=0x00000000, channelorder=0, peakvolume=0.011078.
[LOG] AsyncThread::threadFunc                  : Finished Asynchronous operation on sound 000002276E4E7258
[LOG] SoundI::release                          : WindBackGround (000002253590B8F8)
[LOG] SoundI::release                          :     WindBackGround (0000022535FBE2B8)
[LOG] SoundI::release                          :     WindBackGround (0000022535526CB8)
[LOG] SystemI::createSound                     : filename = FMOD Bank/Desktop/Level 1.bank : mode 02010082
[LOG] SystemI::createSound                     : FMOD_NONBLOCKING specified.  Putting into queue to be opened asynchronously!
[LOG] AsyncThread::add                         : add sound to async queue : soundi = 0000022532E86D78, queue head = 00000227654ADE28, queue count = 0
[LOG] AsyncThread::threadFunc                  : Starting Asynchronous operation on sound 0000022532E86D78
[LOG] SystemI::createSoundInternal             :     Create name='FMOD Bank/Desktop/Level 1.bank', mode=0x02010082
[LOG] SystemI::createSoundInternal             :     exinfo->cbsize             = 224
[LOG] SystemI::createSoundInternal             :     exinfo->length             = 551616
[LOG] SystemI::createSoundInternal             :     exinfo->fileoffset         = 1504
[LOG] SystemI::createSoundInternal             :     exinfo->numsubsounds       = 1
[LOG] SystemI::createSoundInternal             :     exinfo->inclusionlist      = 0000022532994420
[LOG] SystemI::createSoundInternal             :     exinfo->inclusionlistnum   = 1
[LOG] SystemI::createSoundInternal             :     exinfo->suggestedsoundtype = 5
[LOG] SystemI::createSoundInternal             :     exinfo->initialseekposition = 500
[LOG] SystemI::createSoundInternal             :     exinfo->initialseekpostype = 1
[LOG] SystemI::createSoundInternal             :     Stream 0/1: name='WindBackGround', format=5, channels=2, frequency=48000, lengthbytes=551136, lengthpcm=2188016, pcmblocksize=0, loopstart=0, loopend=0, mode=0x00000000, channelmask=0x00000000, channelorder=0, peakvolume=0.011078.
[LOG] AsyncThread::threadFunc                  : Finished Asynchronous operation on sound 0000022532E86D78
[LOG] SoundI::release                          : WindBackGround (000002276E4E7258)
[LOG] SoundI::release                          :     WindBackGround (0000022655AF6478)
[LOG] SoundI::release                          :     WindBackGround (00000225369B0158)
[LOG] SystemI::createSound                     : filename = FMOD Bank/Desktop/Level 1.bank : mode 02010082
[LOG] SystemI::createSound                     : FMOD_NONBLOCKING specified.  Putting into queue to be opened asynchronously!
[LOG] AsyncThread::add                         : add sound to async queue : soundi = 000002253552A618, queue head = 00000227654ADE28, queue count = 0
[LOG] AsyncThread::threadFunc                  : Starting Asynchronous operation on sound 000002253552A618
[LOG] SystemI::createSoundInternal             :     Create name='FMOD Bank/Desktop/Level 1.bank', mode=0x02010082
[LOG] SystemI::createSoundInternal             :     exinfo->cbsize             = 224
[LOG] SystemI::createSoundInternal             :     exinfo->length             = 551616
[LOG] SystemI::createSoundInternal             :     exinfo->fileoffset         = 1504
[LOG] SystemI::createSoundInternal             :     exinfo->numsubsounds       = 1
[LOG] SystemI::createSoundInternal             :     exinfo->inclusionlist      = 00000225365A1240
[LOG] SystemI::createSoundInternal             :     exinfo->inclusionlistnum   = 1
[LOG] SystemI::createSoundInternal             :     exinfo->suggestedsoundtype = 5
[LOG] SystemI::createSoundInternal             :     exinfo->initialseekposition = 500
[LOG] SystemI::createSoundInternal             :     exinfo->initialseekpostype = 1
[LOG] SystemI::createSoundInternal             :     Stream 0/1: name='WindBackGround', format=5, channels=2, frequency=48000, lengthbytes=551136, lengthpcm=2188016, pcmblocksize=0, loopstart=0, loopend=0, mode=0x00000000, channelmask=0x00000000, channelorder=0, peakvolume=0.011078.
[LOG] AsyncThread::threadFunc                  : Finished Asynchronous operation on sound 000002253552A618
[LOG] SoundI::release                          : WindBackGround (0000022532E86D78)
[LOG] SoundI::release                          :     WindBackGround (0000022535FBD8F8)
[LOG] SoundI::release                          :     WindBackGround (0000022535526B08)
[LOG] SystemI::createSound                     : filename = FMOD Bank/Desktop/Level 1.bank : mode 02010082
[LOG] SystemI::createSound                     : FMOD_NONBLOCKING specified.  Putting into queue to be opened asynchronously!
[LOG] AsyncThread::add                         : add sound to async queue : soundi = 00000225369B18F8, queue head = 00000227654ADE28, queue count = 0
[LOG] AsyncThread::threadFunc                  : Starting Asynchronous operation on sound 00000225369B18F8
[LOG] SystemI::createSoundInternal             :     Create name='FMOD Bank/Desktop/Level 1.bank', mode=0x02010082
[LOG] SystemI::createSoundInternal             :     exinfo->cbsize             = 224
[LOG] SystemI::createSoundInternal             :     exinfo->length             = 551616
[LOG] SystemI::createSoundInternal             :     exinfo->fileoffset         = 1504
[LOG] SystemI::createSoundInternal             :     exinfo->numsubsounds       = 1
[LOG] SystemI::createSoundInternal             :     exinfo->inclusionlist      = 00000222E2F728C0
[LOG] SystemI::createSoundInternal             :     exinfo->inclusionlistnum   = 1
[LOG] SystemI::createSoundInternal             :     exinfo->suggestedsoundtype = 5
[LOG] SystemI::createSoundInternal             :     exinfo->initialseekposition = 500
[LOG] SystemI::createSoundInternal             :     exinfo->initialseekpostype = 1
[LOG] SystemI::createSoundInternal             :     Stream 0/1: name='WindBackGround', format=5, channels=2, frequency=48000, lengthbytes=551136, lengthpcm=2188016, pcmblocksize=0, loopstart=0, loopend=0, mode=0x00000000, channelmask=0x00000000, channelorder=0, peakvolume=0.011078.
[LOG] AsyncThread::threadFunc                  : Finished Asynchronous operation on sound 00000225369B18F8
[LOG] SoundI::release                          : WindBackGround (000002253552A618)
[LOG] SoundI::release                          :     WindBackGround (0000022534B513A8)
[LOG] SoundI::release                          :     WindBackGround (0000022585A46FA8)
[LOG] SystemI::createSound                     : filename = FMOD Bank/Desktop/Level 1.bank : mode 02010082
[LOG] SystemI::createSound                     : FMOD_NONBLOCKING specified.  Putting into queue to be opened asynchronously!
[LOG] AsyncThread::add                         : add sound to async queue : soundi = 000002253552A2B8, queue head = 00000227654ADE28, queue count = 0
[LOG] AsyncThread::threadFunc                  : Starting Asynchronous operation on sound 000002253552A2B8
[LOG] SystemI::createSoundInternal             :     Create name='FMOD Bank/Desktop/Level 1.bank', mode=0x02010082
[LOG] SystemI::createSoundInternal             :     exinfo->cbsize             = 224
[LOG] SystemI::createSoundInternal             :     exinfo->length             = 551616
[LOG] SystemI::createSoundInternal             :     exinfo->fileoffset         = 1504
[LOG] SystemI::createSoundInternal             :     exinfo->numsubsounds       = 1
[LOG] SystemI::createSoundInternal             :     exinfo->inclusionlist      = 00000225365A1240
[LOG] SystemI::createSoundInternal             :     exinfo->inclusionlistnum   = 1
[LOG] SystemI::createSoundInternal             :     exinfo->suggestedsoundtype = 5
[LOG] SystemI::createSoundInternal             :     exinfo->initialseekposition = 500
[LOG] SystemI::createSoundInternal             :     exinfo->initialseekpostype = 1
[LOG] SystemI::createSoundInternal             :     Stream 0/1: name='WindBackGround', format=5, channels=2, frequency=48000, lengthbytes=551136, lengthpcm=2188016, pcmblocksize=0, loopstart=0, loopend=0, mode=0x00000000, channelmask=0x00000000, channelorder=0, peakvolume=0.011078.
[LOG] AsyncThread::threadFunc                  : Finished Asynchronous operation on sound 000002253552A2B8
[LOG] SoundI::release                          : WindBackGround (00000225369B18F8)
[LOG] SoundI::release                          :     WindBackGround (0000022536919748)
[LOG] SoundI::release                          :     WindBackGround (0000022534B8A9E8)
[LOG] SystemI::createSound                     : filename = FMOD Bank/Desktop/Level 1.bank : mode 02010082
[LOG] SystemI::createSound                     : FMOD_NONBLOCKING specified.  Putting into queue to be opened asynchronously!
[LOG] AsyncThread::add                         : add sound to async queue : soundi = 0000022534B87AA8, queue head = 00000227654ADE28, queue count = 0
[LOG] AsyncThread::threadFunc                  : Starting Asynchronous operation on sound 0000022534B87AA8
[LOG] SystemI::createSoundInternal             :     Create name='FMOD Bank/Desktop/Level 1.bank', mode=0x02010082
[LOG] SystemI::createSoundInternal             :     exinfo->cbsize             = 224
[LOG] SystemI::createSoundInternal             :     exinfo->length             = 551616
[LOG] SystemI::createSoundInternal             :     exinfo->fileoffset         = 1504
[LOG] SystemI::createSoundInternal             :     exinfo->numsubsounds       = 1
[LOG] SystemI::createSoundInternal             :     exinfo->inclusionlist      = 000002257A845FB0
[LOG] SystemI::createSoundInternal             :     exinfo->inclusionlistnum   = 1
[LOG] SystemI::createSoundInternal             :     exinfo->suggestedsoundtype = 5
[LOG] SystemI::createSoundInternal             :     exinfo->initialseekposition = 500
[LOG] SystemI::createSoundInternal             :     exinfo->initialseekpostype = 1
[LOG] SystemI::createSoundInternal             :     Stream 0/1: name='WindBackGround', format=5, channels=2, frequency=48000, lengthbytes=551136, lengthpcm=2188016, pcmblocksize=0, loopstart=0, loopend=0, mode=0x00000000, channelmask=0x00000000, channelorder=0, peakvolume=0.011078.
[LOG] AsyncThread::threadFunc                  : Finished Asynchronous operation on sound 0000022534B87AA8
[LOG] SoundI::release                          : WindBackGround (000002253552A2B8)
[LOG] SoundI::release                          :     WindBackGround (00000224BEC322F8)
[LOG] SoundI::release                          :     WindBackGround (00000222E2361198)
[LOG] SystemI::createSound                     : filename = FMOD Bank/Desktop/Level 1.bank : mode 02010082
[LOG] SystemI::createSound                     : FMOD_NONBLOCKING specified.  Putting into queue to be opened asynchronously!
[LOG] AsyncThread::add                         : add sound to async queue : soundi = 00000225369B18F8, queue head = 00000227654ADE28, queue count = 0
[LOG] AsyncThread::threadFunc                  : Starting Asynchronous operation on sound 00000225369B18F8
[LOG] SystemI::createSoundInternal             :     Create name='FMOD Bank/Desktop/Level 1.bank', mode=0x02010082
[LOG] SystemI::createSoundInternal             :     exinfo->cbsize             = 224
[LOG] SystemI::createSoundInternal             :     exinfo->length             = 551616
[LOG] SystemI::createSoundInternal             :     exinfo->fileoffset         = 1504
[LOG] SystemI::createSoundInternal             :     exinfo->numsubsounds       = 1
[LOG] SystemI::createSoundInternal             :     exinfo->inclusionlist      = 00000222E2F728C0
[LOG] SystemI::createSoundInternal             :     exinfo->inclusionlistnum   = 1
[LOG] SystemI::createSoundInternal             :     exinfo->suggestedsoundtype = 5
[LOG] SystemI::createSoundInternal             :     exinfo->initialseekposition = 500
[LOG] SystemI::createSoundInternal             :     exinfo->initialseekpostype = 1
[LOG] SystemI::createSoundInternal             :     Stream 0/1: name='WindBackGround', format=5, channels=2, frequency=48000, lengthbytes=551136, lengthpcm=2188016, pcmblocksize=0, loopstart=0, loopend=0, mode=0x00000000, channelmask=0x00000000, channelorder=0, peakvolume=0.011078.
[LOG] AsyncThread::threadFunc                  : Finished Asynchronous operation on sound 00000225369B18F8
[LOG] SoundI::release                          : WindBackGround (0000022534B87AA8)
[LOG] SoundI::release                          :     WindBackGround (00000224993FC4D8)
[LOG] SoundI::release                          :     WindBackGround (000002276E4E7918)
[LOG] SystemI::mixerSuspend                    : Suspending output.
[LOG] SystemI::mixerResume                     : Resuming output.
[LOG] AsyncThread::add                         : add sound to async queue : soundi = 000002276E4E75B8, queue head = 00000227654ADE28, queue count = 0
[LOG] AsyncThread::threadFunc                  : Starting Asynchronous operation on sound 000002276E4E75B8
[LOG] AsyncThread::threadFunc                  : Finished Asynchronous operation on sound 000002276E4E75B8
[LOG] SystemI::createSound                     : filename = FMOD Bank/Desktop/Level 1.bank : mode 02010082
[LOG] SystemI::createSound                     : FMOD_NONBLOCKING specified.  Putting into queue to be opened asynchronously!
[LOG] AsyncThread::add                         : add sound to async queue : soundi = 0000022535EFCEB8, queue head = 00000227654ADE28, queue count = 0
[LOG] AsyncThread::threadFunc                  : Starting Asynchronous operation on sound 0000022535EFCEB8
[LOG] SystemI::createSoundInternal             :     Create name='FMOD Bank/Desktop/Level 1.bank', mode=0x02010082
[LOG] SystemI::createSoundInternal             :     exinfo->cbsize             = 224
[LOG] SystemI::createSoundInternal             :     exinfo->length             = 551616
[LOG] SystemI::createSoundInternal             :     exinfo->fileoffset         = 1504
[LOG] SystemI::createSoundInternal             :     exinfo->numsubsounds       = 1
[LOG] SystemI::createSoundInternal             :     exinfo->inclusionlist      = 00000225354D9B80
[LOG] SystemI::createSoundInternal             :     exinfo->inclusionlistnum   = 1
[LOG] SystemI::createSoundInternal             :     exinfo->suggestedsoundtype = 5
[LOG] SystemI::createSoundInternal             :     exinfo->initialseekposition = 500
[LOG] SystemI::createSoundInternal             :     exinfo->initialseekpostype = 1
[LOG] SystemI::createSoundInternal             :     Stream 0/1: name='WindBackGround', format=5, channels=2, frequency=48000, lengthbytes=551136, lengthpcm=2188016, pcmblocksize=0, loopstart=0, loopend=0, mode=0x00000000, channelmask=0x00000000, channelorder=0, peakvolume=0.011078.
[LOG] AsyncThread::threadFunc                  : Finished Asynchronous operation on sound 0000022535EFCEB8
[LOG] SoundI::release                          : WindBackGround (00000225369B18F8)
[LOG] SoundI::release                          :     WindBackGround (000002272FA4CB78)
[LOG] SoundI::release                          :     WindBackGround (000002276E4E75B8)
[LOG] SoundI::release                          : WindBackGround (0000022535EFCEB8)
[LOG] SoundI::release                          :     WindBackGround (0000022535FBD8F8)
[LOG] SoundI::release                          :     WindBackGround (00000225355271C8)
[LOG] SoundI::release                          :  (00000226805E6418)
[LOG] SoundI::release                          :     Cast (0000022535FBDF78)
[LOG] SoundI::release                          :  (00000224BAF1FA88)
[LOG] SoundI::release                          :     foley-step-stone-walk-02 (00000224BE6F7F18)
[LOG] SoundI::release                          :  (00000225DBB29C08)
[LOG] SoundI::release                          :     object-metal-chain-chains-handling-sequence-02 (00000224BEC32158)
[LOG] Thread::callback                         : FMOD Studio update thread finished.
[LOG] Thread::callback                         : FMOD Studio bank load thread finished.
[LOG] Profile::disconnectAll                   : Profiler disconnecting all clients
[LOG] Thread::callback                         : FMOD Studio sample load thread finished.
[LOG] LiveUpdate::release                      : 
[LOG] LiveUpdate::reset                        : Reset connection (reason Disconnected)
[LOG] Thread::callback                         : FMOD stream thread finished.
[LOG] Thread::callback                         : FMOD mixer thread finished.
[LOG] Profile::disconnectAll                   : Profiler disconnecting all clients
[LOG] SystemI::close                           : Closed.
[LOG] Thread::callback                         : FMOD Studio bank load thread finished.
[LOG] Thread::callback                         : FMOD Studio sample load thread finished.
[LOG] LiveUpdate::release                      : 
[LOG] LiveUpdate::reset                        : Reset connection (reason Disconnected)
[LOG] Thread::callback                         : FMOD stream thread finished.
[LOG] Thread::callback                         : FMOD mixer thread finished.
[LOG] SystemI::close                           : Closed.
[LOG] Thread::callback                         : FMOD nonblocking thread (0) finished.
[LOG] Thread::callback                         : FMOD file thread finished.
